<?xml version="1.0" encoding="UTF-8"?>
<coverage generated="1671712219104" clover="3.2.0">
  <project timestamp="1671712219104" name="All files">
    <metrics statements="9" coveredstatements="0" conditionals="0" coveredconditionals="0" methods="2" coveredmethods="0" elements="11" coveredelements="0" complexity="0" loc="9" ncloc="9" packages="1" files="2" classes="2"/>
    <file name="app.ts" path="D:\projects-Web\mernUsers\backend\src\app.ts">
      <metrics statements="6" coveredstatements="0" conditionals="0" coveredconditionals="0" methods="1" coveredmethods="0"/>
      <line num="1" count="0" type="stmt"/>
      <line num="5" count="0" type="stmt"/>
      <line num="6" count="0" type="stmt"/>
      <line num="7" count="0" type="stmt"/>
      <line num="8" count="0" type="stmt"/>
      <line num="11" count="0" type="stmt"/>
    </file>
    <file name="server.ts" path="D:\projects-Web\mernUsers\backend\src\server.ts">
      <metrics statements="3" coveredstatements="0" conditionals="0" coveredconditionals="0" methods="1" coveredmethods="0"/>
      <line num="1" count="0" type="stmt"/>
      <line num="3" count="0" type="stmt"/>
      <line num="4" count="0" type="stmt"/>
    </file>
  </project>
</coverage>
